<?xml version="1.0" encoding="UTF-8"?>
<testsuite xmlns:xsi="http://www.w3.org/2001/XMLSchema-instance" xsi:noNamespaceSchemaLocation="https://maven.apache.org/surefire/maven-surefire-plugin/xsd/surefire-test-report-3.0.xsd" version="3.0" name="ChefTest" time="0.096" tests="3" errors="0" skipped="0" failures="0">
  <properties>
[...]
</properties>
  <testcase name="pancakeSorterShouldGiveCorrectOutput" classname="ChefTest" time="0.05">
    <system-out><![CDATA[[Pancake: 15,0 diameter, Pancake: 10,0 diameter, Pancake: 6,0 diameter, Pancake: 5,0 diameter, Pancake: 4,0 diameter, Pancake: 3,0 diameter]
]]></system-out>
  </testcase>
  <testcase name="onlyChefCanBakePancakes" classname="ChefTest" time="0.003"/>
  <testcase name="bakingProcessShouldGoCorrectly" classname="ChefTest" time="0.011">
    <system-out><![CDATA[[Pancake: 14,8 diameter, Pancake: 14,6 diameter, Pancake: 14,1 diameter, Pancake: 11,9 diameter, Pancake: 11,8 diameter, Pancake: 11,4 diameter, Pancake: 10,8 diameter, Pancake: 10,7 diameter, Pancake: 10,5 diameter, Pancake: 10,4 diameter, Pancake: 8,6 diameter, Pancake: 8,5 diameter, Pancake: 8,2 diameter, Pancake: 6,9 diameter, Pancake: 6,8 diameter, Pancake: 6,5 diameter, Pancake: 5,1 diameter, Pancake: 5,1 diameter, Pancake: 5,0 diameter, Pancake: 4,1 diameter, Pancake: 3,5 diameter, Pancake: 2,1 diameter, Pancake: 1,9 diameter, Pancake: 1,4 diameter, Pancake: 1,0 diameter]
]]></system-out>
  </testcase>
</testsuite>